<?xml version="1.0" encoding="UTF-8"?>
<!-- Generated by org.testng.reporters.JUnitXMLReporter -->
<testsuite ignored="8" hostname="DESKTOP-NQ3G7C1" failures="0" tests="1" name="Default test" time="51.576" errors="0" timestamp="2023-09-11T01:06:48 IST">
  <testcase classname="test.ProductPageTest" name="verifyTheProductNameLink" time="5.637"/>
  <testcase classname="test.ProductPageTest" name="verifyTheProductImage" time="0.0">
    <ignored/>
  </testcase> <!-- verifyTheProductImage -->
  <testcase classname="test.ProductPageTest" name="verifyTheClickOnFilterLowToHigh" time="0.0">
    <ignored/>
  </testcase> <!-- verifyTheClickOnFilterLowToHigh -->
  <testcase classname="test.ProductPageTest" name="verifyTheClickOnFilterAtoZ" time="0.0">
    <ignored/>
  </testcase> <!-- verifyTheClickOnFilterAtoZ -->
  <testcase classname="test.ProductPageTest" name="verifyTheClickOnAddToCart" time="0.0">
    <ignored/>
  </testcase> <!-- verifyTheClickOnAddToCart -->
  <testcase classname="test.ProductPageTest" name="verifyTheMouseOverTheProductName" time="0.0">
    <ignored/>
  </testcase> <!-- verifyTheMouseOverTheProductName -->
  <testcase classname="test.ProductPageTest" name="verifyTheProductsList" time="0.0">
    <ignored/>
  </testcase> <!-- verifyTheProductsList -->
  <testcase classname="test.ProductPageTest" name="verifyTheClickOnFilterHighToLow" time="0.0">
    <ignored/>
  </testcase> <!-- verifyTheClickOnFilterHighToLow -->
  <testcase classname="test.ProductPageTest" name="verifyTheClickOnFilterZtoA" time="0.0">
    <ignored/>
  </testcase> <!-- verifyTheClickOnFilterZtoA -->
</testsuite> <!-- Default test -->
